<?xml version="1.0" encoding="UTF-8"?>
<!-- Generated by org.testng.reporters.JUnitXMLReporter -->
<testsuite ignored="0" hostname="MacKavitha.local" failures="1" tests="1" name="Surefire test" time="1.148" errors="0" timestamp="2024-02-02T18:49:33 PST">
  <testcase classname="TestCase.loginTest" name="salesforcepage" time="1.107">
    <failure type="org.testng.internal.reflect.MethodMatcherException" message="
[public void TestCase.loginTest.salesforcepage(java.lang.String,java.lang.String)] has no parameters defined but was found to be using a data provider (either explicitly specified or inherited from class level annotation).
Data provider mismatch
Method: salesforcepage([java.lang.String arg0, java.lang.String arg1])
Arguments: [(java.lang.String) UserName,(java.lang.String) Password,(java.lang.String) ,(java.lang.String) ,(java.lang.String) ,(java.lang.String) ,(java.lang.String) ]">
      <![CDATA[org.testng.internal.reflect.MethodMatcherException: 
[public void TestCase.loginTest.salesforcepage(java.lang.String,java.lang.String)] has no parameters defined but was found to be using a data provider (either explicitly specified or inherited from class level annotation).
Data provider mismatch
Method: salesforcepage([java.lang.String arg0, java.lang.String arg1])
Arguments: [(java.lang.String) UserName,(java.lang.String) Password,(java.lang.String) ,(java.lang.String) ,(java.lang.String) ,(java.lang.String) ,(java.lang.String) ]
at java.base/java.util.ArrayList.forEach(ArrayList.java:1511)
... Removed 27 stack frames]]>
    </failure>
  </testcase> <!-- salesforcepage -->
</testsuite> <!-- Surefire test -->
